<?xml version="1.0" encoding="UTF-8"?>
<!-- Generated by org.testng.reporters.JUnitXMLReporter -->
<testsuite ignored="0" hostname="HML" failures="1" tests="11" name="Test1" time="13.648" errors="0" timestamp="2020-10-17T14:46:43 ICT">
  <testcase classname="GoogleSearchPageTest" name="googleInputKeyword" time="0.087"/>
  <testcase classname="GoogleSearchPageTest" name="googleSearching" time="0.521"/>
  <testcase classname="GoogleSearchPageTest" name="googleVerifying" time="0.013"/>
  <testcase classname="GoogleSearchPageTest" name="googleClick1stTopic" time="0.835"/>
  <testcase classname="GoogleSearchPageTest" name="verify1stTopic" time="0.013"/>
  <testcase classname="GoogleSearchPageTest" name="truyenFillSearch" time="0.085"/>
  <testcase classname="GoogleSearchPageTest" name="truyenStartSearch" time="0.266"/>
  <testcase classname="GoogleSearchPageTest" name="truyenClick1stLink" time="0.834"/>
  <testcase classname="GoogleSearchPageTest" name="truyenClickMoreview" time="0.634"/>
  <testcase classname="GoogleSearchPageTest" name="truyenClick1stChapter" time="2.551"/>
  <testcase classname="GoogleSearchPageTest" name="verifyChapter" time="0.008">
    <failure type="org.junit.ComparisonFailure" message="expected:&amp;lt;[Anh Hùng OnePunch] Chap 1 Next Chap 2 ...&amp;gt; but was:&amp;lt;[Đấm phát chết luôn (Gốc)] Chap 1 Next Chap 2 ...&amp;gt;">
      <![CDATA[org.junit.ComparisonFailure: expected:<[Anh Hùng OnePunch] Chap 1 Next Chap 2 ...> but was:<[Đấm phát chết luôn (Gốc)] Chap 1 Next Chap 2 ...>
at org.junit.Assert.assertEquals(Assert.java:115)
at org.junit.Assert.assertEquals(Assert.java:144)
at GoogleSearchPageTest.verifyChapter(GoogleSearchPageTest.java:79)
at java.base/java.util.ArrayList.forEach(ArrayList.java:1540)
at com.intellij.rt.testng.IDEARemoteTestNG.run(IDEARemoteTestNG.java:66)
at com.intellij.rt.testng.RemoteTestNGStarter.main(RemoteTestNGStarter.java:110)
... Removed 24 stack frames]]>
    </failure>
  </testcase> <!-- verifyChapter -->
</testsuite> <!-- Test1 -->
